<?xml version="1.0" encoding="UTF-8"?>
<testng-results ignored="0" total="2" passed="2" failed="0" skipped="0">
  <reporter-output>
  </reporter-output>
  <suite started-at="2022-09-22T10:27:48 EDT" name="Default suite" finished-at="2022-09-22T10:28:27 EDT" duration-ms="39401">
    <groups>
    </groups>
    <test started-at="2022-09-22T10:27:48 EDT" name="Default test" finished-at="2022-09-22T10:28:27 EDT" duration-ms="39401">
      <class name="javaSeleniumTest.TableElement">
        <test-method is-config="true" signature="setup()[pri:0, instance:javaSeleniumTest.TableElement@4b013c76]" started-at="2022-09-22T10:27:48 EDT" name="setup" finished-at="2022-09-22T10:27:58 EDT" duration-ms="9506" status="PASS">
          <reporter-output>
          </reporter-output>
        </test-method> <!-- setup -->
        <test-method signature="getElementsFormTable()[pri:0, instance:javaSeleniumTest.TableElement@4b013c76]" started-at="2022-09-22T10:27:58 EDT" name="getElementsFormTable" finished-at="2022-09-22T10:28:25 EDT" duration-ms="27556" status="PASS">
          <reporter-output>
          </reporter-output>
        </test-method> <!-- getElementsFormTable -->
        <test-method signature="getTableData()[pri:0, instance:javaSeleniumTest.TableElement@4b013c76]" started-at="2022-09-22T10:28:25 EDT" name="getTableData" finished-at="2022-09-22T10:28:27 EDT" duration-ms="1941" status="PASS">
          <reporter-output>
          </reporter-output>
        </test-method> <!-- getTableData -->
        <test-method is-config="true" signature="stopDriver()[pri:0, instance:javaSeleniumTest.TableElement@4b013c76]" started-at="2022-09-22T10:28:27 EDT" name="stopDriver" finished-at="2022-09-22T10:28:27 EDT" duration-ms="293" status="PASS">
          <reporter-output>
          </reporter-output>
        </test-method> <!-- stopDriver -->
      </class> <!-- javaSeleniumTest.TableElement -->
    </test> <!-- Default test -->
  </suite> <!-- Default suite -->
</testng-results>
