<?xml version="1.0" encoding="UTF-8"?>
<testng-results ignored="0" total="1" passed="1" failed="0" skipped="0">
  <reporter-output>
  </reporter-output>
  <suite started-at="2022-09-06T11:17:19 EDT" name="Default suite" finished-at="2022-09-06T11:18:05 EDT" duration-ms="46096">
    <groups>
    </groups>
    <test started-at="2022-09-06T11:17:19 EDT" name="Default test" finished-at="2022-09-06T11:18:05 EDT" duration-ms="46096">
      <class name="javaSeleniumTest.TestTestNg02">
        <test-method signature="googleSerch()[pri:0, instance:javaSeleniumTest.TestTestNg02@e350b40]" started-at="2022-09-06T11:17:19 EDT" name="googleSerch" finished-at="2022-09-06T11:18:05 EDT" duration-ms="45870" status="PASS">
          <reporter-output>
          </reporter-output>
        </test-method> <!-- googleSerch -->
      </class> <!-- javaSeleniumTest.TestTestNg02 -->
    </test> <!-- Default test -->
  </suite> <!-- Default suite -->
</testng-results>
